<?xml version="1.0" encoding="UTF-8"?>
<!-- Generated by org.testng.reporters.JUnitXMLReporter -->
<testsuite ignored="0" hostname="sanket" failures="0" tests="6" name="Default test" time="7.013" errors="0" timestamp="2024-09-07T12:26:02 IST">
  <testcase classname="testClass.Visa" name="applyVisaOnline" time="1.668"/>
  <testcase classname="testClass.Visa" name="applyVisaOnline" time="0.168"/>
  <testcase classname="testClass.Visa" name="applyVisaOnline" time="0.157"/>
  <testcase classname="testClass.Visa" name="applyVisaOnline" time="0.162"/>
  <testcase classname="testClass.Visa" name="checkApplyVisaOnlineText" time="0.049"/>
  <testcase classname="testClass.Visa" name="checkVisaPageUrl" time="0.004"/>
</testsuite> <!-- Default test -->
