<?xml version="1.0" encoding="UTF-8"?>
<!-- Generated by org.testng.reporters.JUnitXMLReporter -->
<testsuite ignored="0" hostname="sanket" failures="0" tests="7" name="Test" time="6.802" errors="0" timestamp="2024-09-07T14:38:54 IST">
  <testcase classname="testClass.SearchFlight" name="checkUrlOfTicketBookingPage" time="1.298"/>
  <testcase classname="testClass.Visa" name="applyVisaOnline" time="1.356"/>
  <testcase classname="testClass.Visa" name="applyVisaOnline" time="0.175"/>
  <testcase classname="testClass.Visa" name="applyVisaOnline" time="0.164"/>
  <testcase classname="testClass.Visa" name="applyVisaOnline" time="0.157"/>
  <testcase classname="testClass.Visa" name="checkApplyVisaOnlineText" time="0.039"/>
  <testcase classname="testClass.Visa" name="checkVisaPageUrl" time="0.003"/>
</testsuite> <!-- Test -->
