<?xml version="1.0" encoding="UTF-8"?>
<testng-results ignored="0" total="7" passed="7" failed="0" skipped="0">
  <reporter-output>
  </reporter-output>
  <suite started-at="2024-09-07T14:38:47 IST" name="Suite" finished-at="2024-09-07T14:38:53 IST" duration-ms="6802">
    <groups>
    </groups>
    <test started-at="2024-09-07T14:38:47 IST" name="Test" finished-at="2024-09-07T14:38:53 IST" duration-ms="6802">
      <class name="testClass.SearchFlight">
        <test-method is-config="true" signature="openBrowser(java.lang.String)[pri:0, instance:testClass.SearchFlight@1bd4fdd]" started-at="2024-09-07T14:38:47 IST" name="openBrowser" finished-at="2024-09-07T14:38:48 IST" duration-ms="1105" status="PASS">
          <params>
            <param index="0">
              <value>
                <![CDATA[chrome]]>
              </value>
            </param>
          </params>
          <reporter-output>
          </reporter-output>
        </test-method> <!-- openBrowser -->
        <test-method is-config="true" signature="PomClass()[pri:0, instance:testClass.SearchFlight@1bd4fdd]" started-at="2024-09-07T14:38:48 IST" name="PomClass" finished-at="2024-09-07T14:38:48 IST" duration-ms="17" status="PASS">
          <reporter-output>
          </reporter-output>
        </test-method> <!-- PomClass -->
        <test-method is-config="true" signature="beforeMethod()[pri:0, instance:testClass.SearchFlight@1bd4fdd]" started-at="2024-09-07T14:38:48 IST" name="beforeMethod" finished-at="2024-09-07T14:38:51 IST" duration-ms="2618" status="PASS">
          <reporter-output>
          </reporter-output>
        </test-method> <!-- beforeMethod -->
        <test-method signature="checkUrlOfTicketBookingPage()[pri:0, instance:testClass.SearchFlight@1bd4fdd]" started-at="2024-09-07T14:38:51 IST" name="checkUrlOfTicketBookingPage" finished-at="2024-09-07T14:38:52 IST" duration-ms="1298" status="PASS">
          <reporter-output>
          </reporter-output>
        </test-method> <!-- checkUrlOfTicketBookingPage -->
      </class> <!-- testClass.SearchFlight -->
      <class name="testClass.Visa">
        <test-method is-config="true" signature="openBrowser()[pri:0, instance:testClass.Visa@59662a0b]" started-at="2024-09-07T14:38:48 IST" name="openBrowser" finished-at="2024-09-07T14:38:48 IST" duration-ms="571" status="PASS">
          <reporter-output>
          </reporter-output>
        </test-method> <!-- openBrowser -->
        <test-method is-config="true" signature="PomClass()[pri:0, instance:testClass.Visa@59662a0b]" started-at="2024-09-07T14:38:48 IST" name="PomClass" finished-at="2024-09-07T14:38:51 IST" duration-ms="2582" status="PASS">
          <reporter-output>
          </reporter-output>
        </test-method> <!-- PomClass -->
        <test-method signature="applyVisaOnline(java.lang.String,java.lang.String,java.lang.String,java.lang.String)[pri:0, instance:testClass.Visa@59662a0b]" started-at="2024-09-07T14:38:51 IST" name="applyVisaOnline" data-provider="dta" finished-at="2024-09-07T14:38:53 IST" duration-ms="1356" status="PASS">
          <params>
            <param index="0">
              <value>
                <![CDATA[kaido@gmail.com]]>
              </value>
            </param>
            <param index="1">
              <value>
                <![CDATA[kaido]]>
              </value>
            </param>
            <param index="2">
              <value>
                <![CDATA[2147483647]]>
              </value>
            </param>
            <param index="3">
              <value>
                <![CDATA[Vietnam]]>
              </value>
            </param>
          </params>
          <reporter-output>
          </reporter-output>
        </test-method> <!-- applyVisaOnline -->
        <test-method signature="applyVisaOnline(java.lang.String,java.lang.String,java.lang.String,java.lang.String)[pri:0, instance:testClass.Visa@59662a0b]" started-at="2024-09-07T14:38:53 IST" name="applyVisaOnline" data-provider="dta" finished-at="2024-09-07T14:38:53 IST" duration-ms="175" status="PASS">
          <params>
            <param index="0">
              <value>
                <![CDATA[zoro@gmail.com]]>
              </value>
            </param>
            <param index="1">
              <value>
                <![CDATA[zoro]]>
              </value>
            </param>
            <param index="2">
              <value>
                <![CDATA[2147483647]]>
              </value>
            </param>
            <param index="3">
              <value>
                <![CDATA[Sri Lanka]]>
              </value>
            </param>
          </params>
          <reporter-output>
          </reporter-output>
        </test-method> <!-- applyVisaOnline -->
        <test-method signature="applyVisaOnline(java.lang.String,java.lang.String,java.lang.String,java.lang.String)[pri:0, instance:testClass.Visa@59662a0b]" started-at="2024-09-07T14:38:53 IST" name="applyVisaOnline" data-provider="dta" finished-at="2024-09-07T14:38:53 IST" duration-ms="164" status="PASS">
          <params>
            <param index="0">
              <value>
                <![CDATA[luffy@gmail.com]]>
              </value>
            </param>
            <param index="1">
              <value>
                <![CDATA[luffy]]>
              </value>
            </param>
            <param index="2">
              <value>
                <![CDATA[2147483647]]>
              </value>
            </param>
            <param index="3">
              <value>
                <![CDATA[Russia]]>
              </value>
            </param>
          </params>
          <reporter-output>
          </reporter-output>
        </test-method> <!-- applyVisaOnline -->
        <test-method signature="applyVisaOnline(java.lang.String,java.lang.String,java.lang.String,java.lang.String)[pri:0, instance:testClass.Visa@59662a0b]" started-at="2024-09-07T14:38:53 IST" name="applyVisaOnline" data-provider="dta" finished-at="2024-09-07T14:38:53 IST" duration-ms="157" status="PASS">
          <params>
            <param index="0">
              <value>
                <![CDATA[nika@gmail.com]]>
              </value>
            </param>
            <param index="1">
              <value>
                <![CDATA[nika]]>
              </value>
            </param>
            <param index="2">
              <value>
                <![CDATA[2147483647]]>
              </value>
            </param>
            <param index="3">
              <value>
                <![CDATA[HongKong]]>
              </value>
            </param>
          </params>
          <reporter-output>
          </reporter-output>
        </test-method> <!-- applyVisaOnline -->
        <test-method signature="checkApplyVisaOnlineText()[pri:0, instance:testClass.Visa@59662a0b]" started-at="2024-09-07T14:38:53 IST" name="checkApplyVisaOnlineText" finished-at="2024-09-07T14:38:53 IST" duration-ms="39" status="PASS">
          <reporter-output>
          </reporter-output>
        </test-method> <!-- checkApplyVisaOnlineText -->
        <test-method signature="checkVisaPageUrl()[pri:0, instance:testClass.Visa@59662a0b]" started-at="2024-09-07T14:38:53 IST" name="checkVisaPageUrl" finished-at="2024-09-07T14:38:53 IST" duration-ms="3" status="PASS">
          <reporter-output>
          </reporter-output>
        </test-method> <!-- checkVisaPageUrl -->
      </class> <!-- testClass.Visa -->
    </test> <!-- Test -->
  </suite> <!-- Suite -->
</testng-results>
